\BOOKMARK [1][-]{section.1}{\376\377\000P\001\131\000\355\000k\000l\000a\000d\000\040\0001}{}% 1
\BOOKMARK [2][-]{subsection.1.1}{\376\377\000V\000y\000p\000o\001\015\000\355\000t\000\341\000m\000e\000\040\000R\000e\000k\000v\000\040\000p\000o\000s\000t\000u\000p\000n\000\375\000m\000\040\000z\000j\000e\000d\000n\000o\000d\000u\001\141\000o\000v\000\341\000n\000\355\000m\000\040\000o\000b\000v\000o\000d\000u}{section.1}% 2
\BOOKMARK [2][-]{subsection.1.2}{\376\377\000Z\000p\001\033\000t\000n\000\375\000m\000\040\000c\000h\000o\000d\000e\000m\000\040\000v\000y\000p\000o\001\015\000\355\000t\000\341\000m\000e\000\040\000U\000R\0007\000,\000\040\000I\000R\0007\000\040}{section.1}% 3
\BOOKMARK [1][-]{section.2}{\376\377\000P\001\131\000\355\000k\000l\000a\000d\000\040\0002}{}% 4
\BOOKMARK [2][-]{subsection.2.1}{\376\377\000Z\000j\000e\000d\000n\000o\000d\000u\001\141\000o\000v\000a\000n\000\355\000\040\000o\000b\000v\000o\000d\000u}{section.2}% 5
\BOOKMARK [2][-]{subsection.2.2}{\376\377\000P\001\131\000e\000c\000h\000o\000d\000\040\000n\000a\000\040\000e\000k\000v\000i\000v\000a\000l\000e\000n\000t\000n\000\355\000\040\000o\000b\000v\000o\000d}{section.2}% 6
\BOOKMARK [1][-]{section.3}{\376\377\000P\001\131\000\355\000k\000l\000a\000d\000\040\0003}{}% 7
\BOOKMARK [2][-]{subsubsection.3.0.1}{\376\377\000Z\000v\000o\000l\000\355\000m\000e\000\040\000u\000z\000e\000l\000\040\000D\000\040\000j\000a\000k\000o\000\040\000r\000e\000f\000e\000r\000e\000n\001\015\000n\000\355}{section.3}% 8
\BOOKMARK [3][-]{subsubsection.3.0.2}{\376\377\000V\000z\000o\000r\000c\000e\000\040\000p\000r\000o\000\040\000j\000e\000d\000n\000o\000t\000l\000i\000v\000\351\000\040\000p\000r\000o\000u\000d\000y}{subsubsection.3.0.1}% 9
\BOOKMARK [3][-]{subsubsection.3.0.3}{\376\377\000I\000\040\000K\000i\000r\000.\000\040\000Z\000.\000\040\000p\000r\000o\000\040\000p\000r\000o\000u\000d\000y\000\040\000v\000\040\000u\000z\000l\000e\000c\000h}{subsubsection.3.0.1}% 10
\BOOKMARK [3][-]{subsubsection.3.0.4}{\376\377\000D\000o\000s\000a\000d\000\355\000m\000e\000\040\000h\000o\000d\000n\000o\000t\000y\000\040\000a\000\040\000v\000y\000p\000o\001\015\000\355\000t\000\341\000m\000e\000\040\000n\000a\000p\001\033\000t\000\355\000\040\000n\000a\000\040\000u\000z\000l\000e\000c\000h}{subsubsection.3.0.1}% 11
\BOOKMARK [3][-]{subsubsection.3.0.5}{\376\377\000V\000y\000p\000o\001\015\000\355\000t\000\341\000m\000e\000\040\000n\000a\000p\001\033\000t\000\355\000\040\000a\000\040\000p\000r\000o\000u\000d\000\040\000n\000a\000\040\000r\000e\000z\000i\000s\000t\000o\000r\000u\000\040\000R\0003}{subsubsection.3.0.1}% 12
\BOOKMARK [1][-]{section.4}{\376\377\000P\001\131\000\355\000k\000l\000a\000d\000\040\0004}{}% 13
\BOOKMARK [2][-]{subsubsection.4.0.1}{\376\377\000V\000z\000o\000r\000c\000e\000\040\000p\000r\000o\000\040\000i\000m\000p\000e\000d\000a\000n\000c\000i\000\040\000a\000\040\000u\000h\000l\000o\000v\000o\000u\000\040\000f\000r\000e\000k\000v\000e\000n\000c\000i}{section.4}% 14
\BOOKMARK [3][-]{subsubsection.4.0.2}{\376\377\000I\000I\000\040\000K\000i\000r\000.\000\040\000Z\000.\000\040\000p\000r\000o\000\040\000r\000o\000v\000n\000i\000c\000e\000\040\000p\000r\000o\000u\000d\000u\000\040\000v\000e\000\040\000s\000m\000y\001\015\000k\000\341\000c\000h}{subsubsection.4.0.1}% 15
\BOOKMARK [3][-]{subsubsection.4.0.3}{\376\377\000V\000\375\000p\000o\001\015\000e\000t\000\040\000p\000r\000o\000u\000d\000u\000\040\000p\000o\000m\000o\000c\000i\000\040\000m\000a\000t\000i\000c}{subsubsection.4.0.1}% 16
\BOOKMARK [3][-]{subsubsection.4.0.4}{\376\377\000N\000\341\000s\000o\000b\000e\000n\000\355\000m\000\040\000i\000n\000v\000e\000r\000z\000n\000\355\000\040\000m\000a\000t\000i\000c\000i\000\040\000z\000l\000e\000v\000a\000\040\000d\000o\000s\000t\000\341\000v\000\341\000m\000e\000\040\000h\000o\000d\000n\000o\000t\000y\000\040\000p\000r\000o\000u\000d\000u}{subsubsection.4.0.1}% 17
\BOOKMARK [3][-]{subsubsection.4.0.5}{\376\377\000F\000o\000r\000m\000u\000l\000i\000\040\000p\000r\000o\000\040\000n\000a\000p\001\033\000t\000\355\000\040\000a\000\040\000f\000\341\000z\000o\000v\000\375\000\040\000p\000o\000s\000u\000n\000\040\000L\0002}{subsubsection.4.0.1}% 18
\BOOKMARK [3][-]{subsubsection.4.0.6}{\376\377\000D\000o\000s\000a\000d\000\355\000m\000e\000\040\000h\000o\000d\000n\000o\000t\000y\000\040\000d\000o\000\040\000v\000z\000o\000r\000c\001\157}{subsubsection.4.0.1}% 19
\BOOKMARK [1][-]{section.5}{\376\377\000P\001\131\000\355\000k\000l\000a\000d\000\040\0005}{}% 20
\BOOKMARK [2][-]{subsubsection.5.0.1}{\376\377\000V\000z\000o\000r\000e\000c\000\040\000p\000r\000o\000\040\000n\000a\000p\001\033\000t\000\355\000\040\000n\000a\000\040\000k\000o\000n\000d\000e\000n\000z\000\341\000t\000o\000r\000u}{section.5}% 21
\BOOKMARK [3][-]{subsubsection.5.0.2}{\376\377\000I\000I\000\040\000K\000i\000r\000.\000\040\000Z\000.\000\040\000p\000r\000o\000\040\000o\000b\000v\000o\000d}{subsubsection.5.0.1}% 22
\BOOKMARK [3][-]{subsubsection.5.0.3}{\376\377\000A\000l\000g\000e\000b\000r\000a\000i\000c\000k\000\351\000\040\000\372\000p\000r\000a\000v\000y}{subsubsection.5.0.1}% 23
\BOOKMARK [3][-]{subsubsection.5.0.4}{\376\377\000O\001\015\000e\000k\000\341\000v\000a\000n\000\351\000\040\001\131\000e\001\141\000e\000n\000i}{subsubsection.5.0.1}% 24
\BOOKMARK [3][-]{subsubsection.5.0.5}{\376\377\000N\000a\000j\000d\000e\000m\000e\000\040}{subsubsection.5.0.1}% 25
\BOOKMARK [3][-]{subsubsection.5.0.6}{\376\377\000D\000o\000s\000a\000d\000\355\000m\000e\000\040\000\040\000d\000o\000\040\000v\000z\000o\000r\000c\000e\000\040\000a\000\040\000n\000a\000j\000d\000e\000m\000e\000\040\000k\000'\000\050\000t\000\051}{subsubsection.5.0.1}% 26
\BOOKMARK [3][-]{subsubsection.5.0.7}{\376\377\000D\000e\000r\000i\000v\000u\000j\000e\000m\000e\000\040\000U\000C\000\050\000t\000\051\000\040\000a\000\040\000n\000a\000j\000d\000e\000m\000e\000\040\000k\000'\000\050\000t\000\051}{subsubsection.5.0.1}% 27
\BOOKMARK [3][-]{subsubsection.5.0.8}{\376\377\000I\000n\000t\000e\000g\000r\000u\000j\000e\000m\000e\000\040\000k\000'\000\050\000t\000\051\000\040\000a\000\040\000d\000o\000s\000a\000d\000\355\000m\000e\000\040\000d\000o\000\040\000v\000z\000o\000r\000c\000e\000\040\000p\000r\000o\000\040\000U\000C\000\050\000t\000\051}{subsubsection.5.0.1}% 28
\BOOKMARK [3][-]{subsubsection.5.0.9}{\376\377\000N\000a\000j\000d\000e\000m\000e\000\040\000C}{subsubsection.5.0.1}% 29
\BOOKMARK [1][-]{section.6}{\376\377\000S\000h\000r\000n\000u\000t\000\355\000\040\000v\000\375\000s\000l\000e\000d\000k\001\157}{}% 30
